2026-03-25T09:45:58.634Z [DAY14] /api hit POST /chat
2026-03-25T09:45:58.636Z [/api/chat hit] story-001 他是男性吗
2026-03-25T09:46:00.179Z [/api/chat] story-001 answer=是 tip=
2026-03-25T10:39:28.938Z [DAY14] /api hit POST /chat
2026-03-25T10:39:28.941Z [/api/chat hit] story-001 他是男性吗
2026-03-25T10:39:30.503Z [/api/chat] story-001 answer=是 tip=
2026-03-25T10:50:03.400Z [DAY14] /api hit POST /chat
2026-03-25T10:50:03.402Z [/api/chat hit] story-002 他是很大岁数吗
2026-03-25T10:50:04.818Z [/api/chat] story-002 answer=无关 tip=
2026-03-25T10:53:52.997Z [DAY14] /api hit POST /chat
2026-03-25T10:53:53.000Z [/api/chat hit] story-002 为什么他要这么做
2026-03-25T10:53:55.521Z [/api/chat] story-002 answer=无法回答 tip=请把问题改成可以用是/否回答的形式，例如把"为什么他要这么做"改成"他这么做是为了钱吗？"
2026-03-25T10:56:26.448Z [DAY14] /api hit POST /chat
2026-03-25T10:56:26.448Z [/api/chat hit] story-001 为什么他要这么做
2026-03-25T10:56:28.722Z [/api/chat] story-001 answer=无法回答 tip=请把问题改成可以用是/否回答的形式，例如把"为什么他要这么做"改成"他这么做是为了钱吗？"
2026-03-25T10:58:12.178Z [DAY14] /api hit POST /chat
2026-03-25T10:58:12.181Z [/api/chat hit] story-002 他是女性吗
2026-03-25T10:58:13.541Z [/api/chat] story-002 answer=无关 tip=
2026-03-25T11:13:26.013Z [DAY14] /api hit POST /judge
2026-03-25T11:13:35.462Z [DAY14] /api hit POST /chat
2026-03-25T11:13:35.463Z [/api/chat hit] story-005 他是男性吗
2026-03-25T11:13:37.165Z [/api/chat] story-005 answer=无法回答 tip=
2026-03-25T11:13:49.465Z [DAY14] /api hit POST /chat
2026-03-25T11:13:49.466Z [/api/chat hit] story-005 为什么他要这么做
2026-03-25T11:13:51.405Z [/api/chat] story-005 answer=无法回答 tip=请把问题改成可以用是/否回答的形式，例如把"为什么他要这么做"改成"他这么做是为了钱吗？"
2026-03-25T11:14:18.461Z [DAY14] /api hit POST /judge
2026-03-25T11:15:17.197Z [DAY14] /api hit POST /judge
2026-03-25T11:15:32.921Z [DAY14] /api hit POST /judge
2026-03-25T11:15:43.792Z [DAY14] /api hit POST /judge
2026-03-25T11:16:03.815Z [DAY14] /api hit POST /judge
2026-03-25T11:23:23.721Z [DAY14] /api hit POST /chat
2026-03-25T11:23:23.723Z [/api/chat hit] story-001 他喜欢樱桃吗
2026-03-25T11:23:24.861Z [/api/chat] story-001 answer=无关 tip=
2026-03-25T11:25:42.714Z [DAY14] /api hit POST /judge
2026-03-25T11:26:27.707Z [DAY14] /api hit POST /chat
2026-03-25T11:26:27.710Z [/api/chat hit] story-001 他是男性吗
2026-03-25T11:26:29.321Z [/api/chat] story-001 answer=是 tip=
2026-03-25T11:27:11.972Z [DAY14] /api hit POST /chat
2026-03-25T11:27:11.974Z [/api/chat hit] story-001 为什么他要这么做
2026-03-25T11:27:14.193Z [/api/chat] story-001 answer=无法回答 tip=请把问题改成可以用是/否回答的形式，例如把"为什么他要这么做"改成"他这么做是为了钱吗？"
2026-03-25T11:28:28.323Z [DAY14] /api hit POST /chat
2026-03-25T11:28:28.324Z [/api/chat hit] story-001 他喝酒吗
2026-03-25T11:28:29.536Z [/api/chat] story-001 answer=无关 tip=
2026-03-25T11:31:36.106Z [DAY14] /api hit POST /chat
2026-03-25T11:31:36.108Z [/api/chat hit] story-001 他是男性吗
2026-03-25T11:31:37.358Z [/api/chat] story-001 answer=是 tip=
2026-03-25T11:31:46.206Z [DAY14] /api hit POST /chat
2026-03-25T11:31:46.207Z [/api/chat hit] story-001 他喜欢草莓吗
2026-03-25T11:31:47.664Z [/api/chat] story-001 answer=无关 tip=
2026-03-25T11:32:02.429Z [DAY14] /api hit POST /chat
2026-03-25T11:32:02.429Z [/api/chat hit] story-001 他是男性吗
2026-03-25T11:32:04.045Z [/api/chat] story-001 answer=是 tip=
2026-03-25T11:32:10.131Z [DAY14] /api hit POST /chat
2026-03-25T11:32:10.132Z [/api/chat hit] story-001 他是男性吗
2026-03-25T11:32:11.573Z [/api/chat] story-001 answer=是 tip=
2026-03-25T11:32:13.570Z [DAY14] /api hit POST /chat
2026-03-25T11:32:13.570Z [/api/chat hit] story-001 他是男性吗
2026-03-25T11:32:15.177Z [/api/chat] story-001 answer=是 tip=
2026-03-25T11:33:12.705Z [DAY14] /api hit POST /chat
2026-03-25T11:33:12.705Z [/api/chat hit] story-001 他是女的吗
2026-03-25T11:33:14.292Z [/api/chat] story-001 answer=无关 tip=
2026-03-25T11:57:59.236Z [DAY14] /api hit GET /test
2026-03-25T11:57:59.785Z [DAY14] /api hit POST /chat
2026-03-25T11:57:59.785Z [/api/chat hit] story-001 他是男性吗
2026-03-25T11:58:01.055Z [/api/chat] story-001 answer=是 tip=
2026-03-25T11:58:01.365Z [DAY14] /api hit POST /judge
2026-03-25T11:58:24.283Z [DAY14] /api hit GET /test
2026-03-25T12:02:38.840Z [DAY14] /api hit GET /test
2026-03-25T12:04:10.260Z [DAY14] /api hit POST /chat
2026-03-25T12:04:10.262Z [/api/chat hit] story-001 他是男性吗
2026-03-25T12:04:11.758Z [/api/chat] story-001 answer=是 tip=
2026-03-25T12:04:15.679Z [DAY14] /api hit POST /chat
2026-03-25T12:04:15.681Z [/api/chat hit] story-001 他是男性吗
2026-03-25T12:04:16.917Z [/api/chat] story-001 answer=是 tip=
2026-03-25T12:05:04.293Z [DAY14] /api hit POST /chat
2026-03-25T12:05:04.296Z [/api/chat hit] story-001 塔寺
2026-03-25T12:05:05.577Z [/api/chat] story-001 answer=无关 tip=
2026-03-25T12:05:08.581Z [DAY14] /api hit POST /chat
2026-03-25T12:05:08.583Z [/api/chat hit] story-001 塔寺
2026-03-25T12:05:09.792Z [/api/chat] story-001 answer=无关 tip=
2026-03-25T12:05:27.245Z [DAY14] /api hit POST /judge
2026-03-25T12:05:28.808Z [DAY14] /api hit POST /judge
2026-03-25T12:05:30.514Z [DAY14] /api hit POST /judge
2026-03-25T12:24:49.423Z [DAY14] /api hit POST /judge
2026-03-25T12:29:27.427Z [DAY14] /api hit POST /judge
2026-03-25T12:30:39.737Z [DAY14] /api hit POST /chat
2026-03-25T12:30:39.747Z [/api/chat hit] story-001 他还是
2026-03-25T12:30:41.403Z [/api/chat] story-001 answer=无法回答 tip=
2026-03-25T12:30:58.949Z [DAY14] /api hit POST /chat
2026-03-25T12:30:59.011Z [/api/chat hit] story-001 他是
2026-03-25T12:31:00.482Z [/api/chat] story-001 answer=无法回答 tip=一次只能问一个问题哦
2026-03-25T12:31:23.635Z [DAY14] /api hit POST /judge
2026-03-25T12:31:40.241Z [DAY14] /api hit POST /judge
2026-03-25T12:31:47.018Z [DAY14] /api hit POST /chat
2026-03-25T12:31:47.018Z [/api/chat hit] story-001 他是
2026-03-25T12:31:48.597Z [/api/chat] story-001 answer=无法回答 tip=一次只能问一个问题哦
2026-03-25T12:32:11.200Z [DAY14] /api hit POST /chat
2026-03-25T12:32:11.201Z [/api/chat hit] story-001 他是
2026-03-25T12:32:12.584Z [/api/chat] story-001 answer=无法回答 tip=一次只能问一个问题哦
2026-03-25T12:32:33.187Z [DAY14] /api hit POST /judge
2026-03-25T12:32:55.138Z [DAY14] /api hit POST /judge
2026-03-25T12:33:21.802Z [DAY14] /api hit POST /judge
2026-03-25T12:33:36.142Z [DAY14] /api hit POST /judge
2026-03-25T12:34:07.330Z [DAY14] /api hit POST /judge
2026-03-25T12:34:20.724Z [DAY14] /api hit POST /judge
2026-03-25T12:34:37.851Z [DAY14] /api hit POST /chat
2026-03-25T12:34:37.852Z [/api/chat hit] story-001 客人并不是来找人，而是来完成一场“借名还魂”的骗局。守灯人多年前在海难中失去弟弟，于是把弟弟的名字刻在灯塔的铭牌上，并偷偷在渔屋里供奉。客人拿着同名的旧照片，是同一帮人伪造的“证据”。他们让守灯人相信弟弟“还活着”，以换取他愿意把铭牌的核心螺丝交出来。天亮后守灯人发现铭牌被动过，连螺纹都沾着凌晨被撬下的海盐粉，知道客人其实是来盗走灯塔的备用部件。客人沉默并非被吓住，而是因为他在计划中负责的部分已完成，被同伙要求当场消失。|
2026-03-25T12:34:39.958Z [/api/chat] story-001 answer=无法回答 tip=你似乎已经有答案了，点击还原真相来验证吧
2026-03-25T12:34:47.723Z [DAY14] /api hit POST /judge
2026-03-25T12:35:04.766Z [DAY14] /api hit POST /judge
2026-03-25T12:35:11.917Z [DAY14] /api hit POST /judge
2026-03-25T12:36:29.928Z [DAY14] /api hit POST /judge
2026-03-25T12:37:03.576Z [DAY14] /api hit POST /judge
2026-03-25T12:37:40.565Z [DAY14] /api hit POST /judge
2026-03-25T12:38:10.768Z [DAY14] /api hit POST /judge
2026-03-25T12:38:17.428Z [DAY14] /api hit POST /judge
2026-03-25T12:38:19.518Z [DAY14] /api hit POST /judge
2026-03-25T12:41:44.546Z [DAY14] /api hit POST /judge
2026-03-25T12:43:09.329Z [DAY14] /api hit POST /judge
2026-03-25T12:49:26.590Z [DAY14] /api hit POST /judge
2026-03-25T12:49:42.387Z [DAY14] /api hit POST /judge
2026-03-26T02:22:20.646Z [DAY14] /api hit POST /judge
2026-03-26T02:22:43.019Z [DAY14] /api hit POST /judge
2026-03-26T02:22:48.400Z [DAY14] /api hit POST /judge
2026-03-26T02:22:55.451Z [DAY14] /api hit POST /judge
2026-03-26T02:23:03.205Z [DAY14] /api hit POST /judge
2026-03-26T02:23:10.345Z [DAY14] /api hit POST /judge
2026-03-26T02:24:10.974Z [DAY14] /api hit POST /chat
2026-03-26T02:24:10.976Z [/api/chat hit] story-004 了
2026-03-26T02:24:12.172Z [/api/chat] story-004 answer=无关 tip=
2026-03-26T02:24:20.921Z [DAY14] /api hit POST /chat
2026-03-26T02:24:20.924Z [/api/chat hit] story-004 ？
2026-03-26T02:24:22.859Z [/api/chat] story-004 answer=无法回答 tip=请把问题改成可以用是/否回答的形式
2026-03-26T02:24:26.057Z [DAY14] /api hit POST /chat
2026-03-26T02:24:26.058Z [/api/chat hit] story-004 ‘
2026-03-26T02:24:27.572Z [/api/chat] story-004 answer=无法回答 tip=
2026-03-26T02:25:56.702Z [DAY14] /api hit POST /chat
2026-03-26T02:25:56.703Z [/api/chat hit] story-001 客人把旧照片递给守灯人了吗？
2026-03-26T02:25:58.230Z [/api/chat] story-001 answer=是 tip=
2026-03-26T02:25:58.238Z [DAY14] /api hit POST /chat
2026-03-26T02:25:58.238Z [/api/chat hit] story-001 守灯人的弟弟还活着吗？
2026-03-26T02:25:59.433Z [/api/chat] story-001 answer=否 tip=
2026-03-26T02:25:59.435Z [DAY14] /api hit POST /chat
2026-03-26T02:25:59.436Z [/api/chat hit] story-001 天气会影响这件事吗？
2026-03-26T02:26:00.490Z [/api/chat] story-001 answer=无关 tip=
2026-03-26T02:26:00.492Z [DAY14] /api hit POST /chat
2026-03-26T02:26:00.492Z [/api/chat hit] story-001 为什么他要这么做？
2026-03-26T02:26:02.335Z [/api/chat] story-001 answer=无法回答 tip=请把问题改成可以用是/否回答的形式，例如把"为什么他要这么做"改成"他这么做是为了钱吗？"
2026-03-26T02:26:02.338Z [DAY14] /api hit POST /chat
2026-03-26T02:26:02.338Z [/api/chat hit] story-001 为什么他还没有离开屋门口？
2026-03-26T02:26:04.357Z [/api/chat] story-001 answer=无法回答 tip=请把问题改成可以用是/否回答的形式，例如把"为什么他要这么做"改成"他这么做是为了钱吗？"
2026-03-26T02:26:04.361Z [DAY14] /api hit POST /chat
2026-03-26T02:26:04.361Z [/api/chat hit] story-001 他是男性吗？他死了吗？
2026-03-26T02:26:05.734Z [/api/chat] story-001 answer=无法回答 tip=一次只能问一个问题哦
2026-03-26T02:26:05.737Z [DAY14] /api hit POST /chat
2026-03-26T02:26:05.737Z [/api/chat hit] story-001 我觉得客人是被吓住了才不说话，是真的吗？
2026-03-26T02:26:07.362Z [/api/chat] story-001 answer=否 tip=
2026-03-26T02:26:07.366Z [DAY14] /api hit POST /chat
2026-03-26T02:26:07.367Z [/api/chat hit] story-001 如果我就是客人，我该怎么做才能拿到铭牌的螺丝？
2026-03-26T02:26:08.688Z [/api/chat] story-001 answer=无法回答 tip=我只能回答是、否、无关
2026-03-26T02:26:59.284Z [DAY14] /api hit POST /chat
2026-03-26T02:26:59.434Z [/api/chat hit] story-001 为什么他还没有离开屋门口？
2026-03-26T02:26:59.442Z [/api/chat] story-001 answer=无法回答 tip=请把问题改成可以用是/否回答的形式，例如把"为什么他要这么做"改成"他这么做是为了钱吗？"
2026-03-26T02:26:59.456Z [DAY14] /api hit POST /chat
2026-03-26T02:26:59.475Z [/api/chat hit] story-001 他是男性吗？他死了吗？
2026-03-26T02:26:59.495Z [/api/chat] story-001 answer=无法回答 tip=一次只能问一个问题哦
2026-03-26T02:26:59.499Z [DAY14] /api hit POST /chat
2026-03-26T02:26:59.516Z [/api/chat hit] story-001 我觉得客人是被吓住了才不说话，是真的吗？
2026-03-26T02:26:59.517Z [/api/chat] story-001 answer=无法回答 tip=你似乎已经有答案了，点击还原真相来验证吧
2026-03-26T02:26:59.542Z [DAY14] /api hit POST /chat
2026-03-26T02:26:59.542Z [/api/chat hit] story-001 如果我就是客人，我该怎么做才能拿到铭牌的螺丝？
2026-03-26T02:26:59.543Z [/api/chat] story-001 answer=无法回答 tip=请把问题改成可以用是/否回答的形式，例如把"为什么他要这么做"改成"他这么做是为了钱吗？"
2026-03-26T02:27:05.394Z [DAY14] /api hit POST /chat
2026-03-26T02:27:05.394Z [/api/chat hit] story-001 客人把旧照片递给守灯人了吗？
2026-03-26T02:27:06.439Z [/api/chat] story-001 answer=是 tip=
2026-03-26T02:27:06.442Z [DAY14] /api hit POST /chat
2026-03-26T02:27:06.443Z [/api/chat hit] story-001 灯塔转了三次吗？
2026-03-26T02:27:07.534Z [/api/chat] story-001 answer=是 tip=
2026-03-26T02:27:07.538Z [DAY14] /api hit POST /chat
2026-03-26T02:27:07.538Z [/api/chat hit] story-001 守灯人的弟弟还活着吗？
2026-03-26T02:27:08.717Z [/api/chat] story-001 answer=否 tip=
2026-03-26T02:27:08.721Z [DAY14] /api hit POST /chat
2026-03-26T02:27:08.722Z [/api/chat hit] story-001 天气会影响这件事吗？
2026-03-26T02:27:09.660Z [/api/chat] story-001 answer=无关 tip=
2026-03-26T02:27:09.664Z [DAY14] /api hit POST /chat
2026-03-26T02:27:09.665Z [/api/chat hit] story-001 发生了什么？为什么他不说话？
2026-03-26T02:27:09.666Z [/api/chat] story-001 answer=无法回答 tip=请把问题改成可以用是/否回答的形式，例如把"为什么他要这么做"改成"他这么做是为了钱吗？"
2026-03-26T02:33:50.704Z [DAY14] /api hit POST /judge
2026-03-26T02:34:03.920Z [DAY14] /api hit POST /chat
2026-03-26T02:34:03.921Z [/api/chat hit] story-001 客人把旧照片递给守灯人了吗？
2026-03-26T02:34:05.268Z [/api/chat] story-001 answer=是 tip=
2026-03-26T02:34:17.268Z [DAY14] /api hit POST /chat
2026-03-26T02:34:17.270Z [/api/chat hit] story-001 守灯人的弟弟还活着吗？
2026-03-26T02:34:18.295Z [/api/chat] story-001 answer=否 tip=
2026-03-26T02:34:27.330Z [DAY14] /api hit POST /chat
2026-03-26T02:34:27.346Z [/api/chat hit] story-001 天气会影响这件事吗
2026-03-26T02:34:28.406Z [/api/chat] story-001 answer=无关 tip=
2026-03-26T02:34:39.047Z [DAY14] /api hit POST /chat
2026-03-26T02:34:39.047Z [/api/chat hit] story-001 为什么他还没有离开屋门口？
2026-03-26T02:34:39.048Z [/api/chat] story-001 answer=无法回答 tip=请把问题改成可以用是/否回答的形式，例如把"为什么他要这么做"改成"他这么做是为了钱吗？"
2026-03-26T02:34:48.154Z [DAY14] /api hit POST /chat
2026-03-26T02:34:48.156Z [/api/chat hit] story-001 他是男性吗？他死了吗？
2026-03-26T02:34:48.156Z [/api/chat] story-001 answer=无法回答 tip=一次只能问一个问题哦
2026-03-26T02:35:03.438Z [DAY14] /api hit POST /chat
2026-03-26T02:35:03.439Z [/api/chat hit] story-001 我觉得客人是被吓住了才不说话，是真的吗？
2026-03-26T02:35:03.440Z [/api/chat] story-001 answer=无法回答 tip=你似乎已经有答案了，点击还原真相来验证吧
2026-03-26T02:35:15.169Z [DAY14] /api hit POST /chat
2026-03-26T02:35:15.171Z [/api/chat hit] story-001 如果我是客人，我能拿到铭牌的螺丝吗？
2026-03-26T02:35:15.173Z [/api/chat] story-001 answer=无法回答 tip=我只能回答是、否、无关
2026-03-26T02:58:43.609Z [DAY14] /api hit POST /chat
2026-03-26T02:58:43.615Z [/api/chat hit] story-001 客人把旧照片递给守灯人了吗？
2026-03-26T02:58:45.090Z [/api/chat] story-001 answer=是 tip=
2026-03-26T02:58:45.100Z [DAY14] /api hit POST /chat
2026-03-26T02:58:45.101Z [/api/chat hit] story-001 守灯人的弟弟还活着吗？
2026-03-26T02:58:45.971Z [/api/chat] story-001 answer=否 tip=
2026-03-26T02:58:45.974Z [DAY14] /api hit POST /chat
2026-03-26T02:58:45.975Z [/api/chat hit] story-001 天气会影响这件事吗？
2026-03-26T02:58:47.250Z [/api/chat] story-001 answer=无关 tip=
2026-03-26T02:58:47.254Z [DAY14] /api hit POST /chat
2026-03-26T02:58:47.254Z [/api/chat hit] story-001 为什么他还没有离开屋门口？
2026-03-26T02:58:47.255Z [/api/chat] story-001 answer=无法回答 tip=请把问题改成可以用是/否回答的形式，例如把"为什么他要这么做"改成"他这么做是为了钱吗？"
2026-03-26T02:58:47.257Z [DAY14] /api hit POST /chat
2026-03-26T02:58:47.258Z [/api/chat hit] story-001 他是男性吗？他死了吗？
2026-03-26T02:58:47.258Z [/api/chat] story-001 answer=无法回答 tip=一次只能问一个问题哦
2026-03-26T02:58:47.261Z [DAY14] /api hit POST /chat
2026-03-26T02:58:47.262Z [/api/chat hit] story-001 我觉得客人是被吓住了才不说话，是真的吗？
2026-03-26T02:58:47.264Z [/api/chat] story-001 answer=无法回答 tip=你似乎已经有答案了，点击还原真相来验证吧
2026-03-26T02:58:47.267Z [DAY14] /api hit POST /chat
2026-03-26T02:58:47.267Z [/api/chat hit] story-001 如果我是当事人，我该怎么做才能拿到铭牌的螺丝？
2026-03-26T02:58:47.267Z [/api/chat] story-001 answer=无法回答 tip=请把问题改成可以用是/否回答的形式，例如把"为什么他要这么做"改成"他这么做是为了钱吗？"
2026-03-26T02:58:53.342Z [DAY14] /api hit POST /chat
2026-03-26T02:58:53.343Z [/api/chat hit] story-001 发生了什么？
2026-03-26T02:58:54.970Z [/api/chat] story-001 answer=无法回答 tip=
2026-03-26T02:58:54.973Z [DAY14] /api hit POST /chat
2026-03-26T02:58:54.973Z [/api/chat hit] story-001 他为什么没有说话？
2026-03-26T02:58:54.974Z [/api/chat] story-001 answer=无法回答 tip=请把问题改成可以用是/否回答的形式，例如把"为什么他要这么做"改成"他这么做是为了钱吗？"
2026-03-26T02:58:54.976Z [DAY14] /api hit POST /chat
2026-03-26T02:58:54.977Z [/api/chat hit] story-001 告诉我事情的经过
2026-03-26T02:58:56.276Z [/api/chat] story-001 answer=无法回答 tip=请重新提问：问题需要能用“是/否/无关/无法回答”来回答，例如把“为什么他要这么做”改成“他这么做是为了钱吗？”
2026-03-26T02:58:56.280Z [DAY14] /api hit POST /chat
2026-03-26T02:58:56.281Z [/api/chat hit] story-001 请给我一个答案
2026-03-26T02:58:58.216Z [/api/chat] story-001 answer=无法回答 tip=请重新提问：问题需要能用“是/否/无关/无法回答”来回答，例如把“为什么他要这么做”改成“他这么做是为了钱吗？”
2026-03-26T02:58:58.219Z [DAY14] /api hit POST /chat
2026-03-26T02:58:58.219Z [/api/chat hit] story-001 海风换回的名字是什么
2026-03-26T02:59:00.052Z [/api/chat] story-001 answer=无法回答 tip=
2026-03-26T03:04:16.965Z [DAY14] /api hit POST /judge
2026-03-26T03:35:55.778Z [DAY14] /api hit POST /chat
2026-03-26T03:35:55.781Z [/api/chat hit] story-006 天气会影响这件事吗？
2026-03-26T03:35:57.384Z [/api/chat] story-006 answer=无关 tip=
2026-03-26T03:35:57.394Z [DAY14] /api hit POST /chat
2026-03-26T03:35:57.395Z [/api/chat hit] story-007 天气会影响这件事吗？
2026-03-26T03:36:00.138Z [/api/chat] story-007 answer=无关 tip=
2026-03-26T03:36:00.142Z [DAY14] /api hit POST /chat
2026-03-26T03:36:00.143Z [/api/chat hit] story-008 天气会影响这件事吗？
2026-03-26T03:36:01.647Z [/api/chat] story-008 answer=无关 tip=
2026-03-26T03:36:01.650Z [DAY14] /api hit POST /chat
2026-03-26T03:36:01.651Z [/api/chat hit] story-009 天气会影响这件事吗？
2026-03-26T03:36:03.411Z [/api/chat] story-009 answer=无关 tip=
2026-03-26T03:36:03.415Z [DAY14] /api hit POST /chat
2026-03-26T03:36:03.416Z [/api/chat hit] story-010 天气会影响这件事吗？
2026-03-26T03:36:05.152Z [/api/chat] story-010 answer=是 tip=
2026-03-26T03:36:05.156Z [DAY14] /api hit POST /chat
2026-03-26T03:36:05.156Z [/api/chat hit] story-011 天气会影响这件事吗？
2026-03-26T03:36:06.504Z [/api/chat] story-011 answer=无关 tip=
2026-03-26T03:36:06.508Z [DAY14] /api hit POST /chat
2026-03-26T03:36:06.510Z [/api/chat hit] story-012 天气会影响这件事吗？
2026-03-26T03:36:07.697Z [/api/chat] story-012 answer=无关 tip=
2026-03-26T03:36:07.700Z [DAY14] /api hit POST /chat
2026-03-26T03:36:07.701Z [/api/chat hit] story-013 天气会影响这件事吗？
2026-03-26T03:36:08.798Z [/api/chat] story-013 answer=无关 tip=
2026-03-26T03:36:08.801Z [DAY14] /api hit POST /judge
2026-03-26T03:36:08.807Z [DAY14] /api hit POST /judge
2026-03-26T03:36:08.810Z [DAY14] /api hit POST /judge
2026-03-26T03:36:08.813Z [DAY14] /api hit POST /judge
2026-03-26T03:36:08.815Z [DAY14] /api hit POST /judge
2026-03-26T03:36:08.817Z [DAY14] /api hit POST /judge
2026-03-26T03:36:08.819Z [DAY14] /api hit POST /judge
2026-03-26T03:36:08.822Z [DAY14] /api hit POST /judge
2026-03-26T03:54:53.317Z [DAY14] /api hit POST /judge
2026-03-26T03:55:05.149Z [DAY14] /api hit POST /judge
2026-03-26T03:55:15.457Z [DAY14] /api hit POST /judge
2026-03-26T03:55:24.920Z [DAY14] /api hit POST /judge
2026-03-26T03:55:36.919Z [DAY14] /api hit POST /judge
2026-03-26T03:55:52.517Z [DAY14] /api hit POST /judge
2026-03-26T03:56:05.281Z [DAY14] /api hit POST /judge
2026-03-26T03:56:19.565Z [DAY14] /api hit POST /judge
2026-03-26T03:56:33.652Z [DAY14] /api hit POST /judge
2026-03-26T03:56:45.225Z [DAY14] /api hit POST /judge
2026-03-26T03:56:59.599Z [DAY14] /api hit POST /judge
